Unable to capture context for thread 15488 in process 16828, can not generate back trace
Exception at PC 0x00007FFE410CBB93
Printing stacktrace...

[0]  [0x00007FFE410CBB93]
[1]  [0x00007FFE410CBB93]
[2]  [0x00007FFE410CB4A1]
[3]  [0x00007FFE410CB3EF]
[4]  [0x00007FFE410B19FE]
[5]  [0x00007FFE410B0ED1]
[6]  [0x00007FFE410B0D76]
[7]  [0x00007FFE410579F6]
[8]  [0x00007FFE41047AFB]
[9]  [0x00007FFE4116E90A]
[10]  [0x00007FFE41189F87]
[11]  [0x00007FFE4118A05F]
[12] (BaseThreadInitThunk+0x14) [0x00007FFEED337034]
[13] (RtlUserThreadStart+0x21) [0x00007FFEEDC42651]
Done
Exception at PC 0x00007FFE40DD1A52
Attemped to write at address 0x00007FFE744DABA4
Printing stacktrace...

[0]  [0x00007FFE40DD1A52]
[1]  [0x00007FFE40DD1A52]
[2]  [0x00007FFE40DD1AD4]
[3]  [0x00007FFE40F13FF7]
[4]  [0x00007FFE40DF9128]
[5]  [0x00007FFE410ADFB9]
[6]  [0x00007FFE4127EF23]
[7]  [0x00007FFE4118B06B]
[8]  [0x00007FFE411808AF]
[9]  [0x00007FFE41180A32]
[10] (RtlActivateActivationContextUnsafeFast+0x11d) [0x00007FFEEDC09A1D]
[11] (LdrShutdownProcess+0x141) [0x00007FFEEDC4DB91]
[12] (RtlExitUserProcess+0xad) [0x00007FFEEDC4DA2D]
[13] (FatalExit+0xb) [0x00007FFEED33E0AB]
[14] (exit+0x85) [0x00007FFEEBE7A155]
[15] (initterm_e+0x245) [0x00007FFEEBE7A7C5]
[16]  [0x00000000004014CD]
[17]  [0x000000000040151B]
[18] (BaseThreadInitThunk+0x14) [0x00007FFEED337034]
[19] (RtlUserThreadStart+0x21) [0x00007FFEEDC42651]
Done
