Vivado Simulator 2017.2
Copyright 1986-1999, 2001-2016 Xilinx, Inc. All Rights Reserved.
Running: C:/Xilinx/Vivado/2017.2/bin/unwrapped/win64.o/xelab.exe -wto d84fbaea893548ec89fb892e22d8fe6c --debug typical --relax --mt 2 -L xil_defaultlib -L unisims_ver -L unimacro_ver -L secureip --snapshot Top_behav xil_defaultlib.Top xil_defaultlib.glbl -log elaborate.log 
Using 2 slave threads.
Starting static elaboration
Completed static elaboration
Starting simulation data flow analysis
WARNING: [XSIM 43-4099] "C:/Code/Vivado/decoder_with_1x2decoder_file/decoder.v" Line 2. Module decoder doesn't have a timescale but at least one module in design has a timescale.
WARNING: [XSIM 43-4099] "C:/Code/Vivado/decoder_with_1x2decoder_file/two_to_four_decoder.v" Line 1. Module two_to_four_decoder doesn't have a timescale but at least one module in design has a timescale.
WARNING: [XSIM 43-4099] "C:/Code/Vivado/decoder_with_1x2decoder_file/1x2decoder.v" Line 1. Module one_to_two_decoder doesn't have a timescale but at least one module in design has a timescale.
WARNING: [XSIM 43-4099] "C:/Code/Vivado/decoder_with_1x2decoder_file/1x2decoder.v" Line 1. Module one_to_two_decoder doesn't have a timescale but at least one module in design has a timescale.
WARNING: [XSIM 43-4099] "C:/Code/Vivado/decoder_with_1x2decoder_file/two_to_four_decoder.v" Line 1. Module two_to_four_decoder doesn't have a timescale but at least one module in design has a timescale.
WARNING: [XSIM 43-4099] "C:/Code/Vivado/decoder_with_1x2decoder_file/1x2decoder.v" Line 1. Module one_to_two_decoder doesn't have a timescale but at least one module in design has a timescale.
WARNING: [XSIM 43-4099] "C:/Code/Vivado/decoder_with_1x2decoder_file/1x2decoder.v" Line 1. Module one_to_two_decoder doesn't have a timescale but at least one module in design has a timescale.
Completed simulation data flow analysis
Time Resolution for simulation is 1ps
Compiling module xil_defaultlib.one_to_two_decoder
Compiling module xil_defaultlib.two_to_four_decoder
Compiling module xil_defaultlib.decoder
Compiling module xil_defaultlib.Top
Compiling module xil_defaultlib.glbl
Built simulation snapshot Top_behav
