Unable to capture context for thread 15852 in process 10884, can not generate back trace
Exception at PC 0x00007FFE3F9FBB93
Printing stacktrace...

[0]  [0x00007FFE3F9FBB93]
[1]  [0x00007FFE3F9FBB93]
[2]  [0x00007FFE3F9FB4A1]
[3]  [0x00007FFE3F9FB3EF]
[4]  [0x00007FFE3F9E19FE]
[5]  [0x00007FFE3F9E0ED1]
[6]  [0x00007FFE3F9E0D76]
[7]  [0x00007FFE3F9879F6]
[8]  [0x00007FFE3F977AFB]
[9]  [0x00007FFE3FA9E90A]
[10]  [0x00007FFE3FAB9F87]
[11]  [0x00007FFE3FABA05F]
[12] (BaseThreadInitThunk+0x14) [0x00007FFEED337034]
[13] (RtlUserThreadStart+0x21) [0x00007FFEEDC42651]
Done
Exception at PC 0x00007FFE3F701A52
Attemped to write at address 0x00007FFE7B97ABA4
Printing stacktrace...

[0]  [0x00007FFE3F701A52]
[1]  [0x00007FFE3F701A52]
[2]  [0x00007FFE3F701AD4]
[3]  [0x00007FFE3F843FF7]
[4]  [0x00007FFE3F729128]
[5]  [0x00007FFE3F9DDFB9]
[6]  [0x00007FFE3FBAEF23]
[7]  [0x00007FFE3FABB06B]
[8]  [0x00007FFE3FAB08AF]
[9]  [0x00007FFE3FAB0A32]
[10] (RtlActivateActivationContextUnsafeFast+0x11d) [0x00007FFEEDC09A1D]
[11] (LdrShutdownProcess+0x141) [0x00007FFEEDC4DB91]
[12] (RtlExitUserProcess+0xad) [0x00007FFEEDC4DA2D]
[13] (FatalExit+0xb) [0x00007FFEED33E0AB]
[14] (exit+0x85) [0x00007FFEEBE7A155]
[15] (initterm_e+0x245) [0x00007FFEEBE7A7C5]
[16]  [0x00000000004014CD]
[17]  [0x000000000040151B]
[18] (BaseThreadInitThunk+0x14) [0x00007FFEED337034]
[19] (RtlUserThreadStart+0x21) [0x00007FFEEDC42651]
Done
