Unable to capture context for thread 9784 in process 15164, can not generate back trace
Exception at PC 0x00007FFE40E4BB93
Printing stacktrace...

[0]  [0x00007FFE40E4BB93]
[1]  [0x00007FFE40E4BB93]
[2]  [0x00007FFE40E4B4A1]
[3]  [0x00007FFE40E4B3EF]
[4]  [0x00007FFE40E319FE]
[5]  [0x00007FFE40E30ED1]
[6]  [0x00007FFE40E30D76]
[7]  [0x00007FFE40DD79F6]
[8]  [0x00007FFE40DC7AFB]
[9]  [0x00007FFE40EEE90A]
[10]  [0x00007FFE40F09F87]
[11]  [0x00007FFE40F0A05F]
[12] (BaseThreadInitThunk+0x14) [0x00007FFEED337034]
[13] (RtlUserThreadStart+0x21) [0x00007FFEEDC42651]
Done
Exception at PC 0x00007FFE40B51A52
Attemped to write at address 0x00007FFE7484ABA4
Printing stacktrace...

[0]  [0x00007FFE40B51A52]
[1]  [0x00007FFE40B51A52]
[2]  [0x00007FFE40B51AD4]
[3]  [0x00007FFE40C93FF7]
[4]  [0x00007FFE40B79128]
[5]  [0x00007FFE40E2DFB9]
[6]  [0x00007FFE40FFEF23]
[7]  [0x00007FFE40F0B06B]
[8]  [0x00007FFE40F008AF]
[9]  [0x00007FFE40F00A32]
[10] (RtlActivateActivationContextUnsafeFast+0x11d) [0x00007FFEEDC09A1D]
[11] (LdrShutdownProcess+0x141) [0x00007FFEEDC4DB91]
[12] (RtlExitUserProcess+0xad) [0x00007FFEEDC4DA2D]
[13] (FatalExit+0xb) [0x00007FFEED33E0AB]
[14] (exit+0x85) [0x00007FFEEBE7A155]
[15] (initterm_e+0x245) [0x00007FFEEBE7A7C5]
[16]  [0x00000000004014CD]
[17]  [0x000000000040151B]
[18] (BaseThreadInitThunk+0x14) [0x00007FFEED337034]
[19] (RtlUserThreadStart+0x21) [0x00007FFEEDC42651]
Done
