Unable to capture context for thread 11748 in process 18912, can not generate back trace
Exception at PC 0x00007FFE5CF9BB93
Printing stacktrace...

[0]  [0x00007FFE5CF9BB93]
[1]  [0x00007FFE5CF9BB93]
[2]  [0x00007FFE5CF9B4A1]
[3]  [0x00007FFE5CF9B3EF]
[4]  [0x00007FFE5CF819FE]
[5]  [0x00007FFE5CF80ED1]
[6]  [0x00007FFE5CF80D76]
[7]  [0x00007FFE5CF279F6]
[8]  [0x00007FFE5CF17AFB]
[9]  [0x00007FFE5D03E90A]
[10]  [0x00007FFE5D059F87]
[11]  [0x00007FFE5D05A05F]
[12] (BaseThreadInitThunk+0x14) [0x00007FFEED337034]
[13] (RtlUserThreadStart+0x21) [0x00007FFEEDC42651]
Done
Exception at PC 0x00007FFE5CCA1A52
Attemped to write at address 0x00007FFE8223ABA4
Printing stacktrace...

[0]  [0x00007FFE5CCA1A52]
[1]  [0x00007FFE5CCA1A52]
[2]  [0x00007FFE5CCA1AD4]
[3]  [0x00007FFE5CDE3FF7]
[4]  [0x00007FFE5CCC9128]
[5]  [0x00007FFE5CF7DFB9]
[6]  [0x00007FFE5D14EF23]
[7]  [0x00007FFE5D05B06B]
[8]  [0x00007FFE5D0508AF]
[9]  [0x00007FFE5D050A32]
[10] (RtlActivateActivationContextUnsafeFast+0x11d) [0x00007FFEEDC09A1D]
[11] (LdrShutdownProcess+0x141) [0x00007FFEEDC4DB91]
[12] (RtlExitUserProcess+0xad) [0x00007FFEEDC4DA2D]
[13] (FatalExit+0xb) [0x00007FFEED33E0AB]
[14] (exit+0x85) [0x00007FFEEBE7A155]
[15] (initterm_e+0x245) [0x00007FFEEBE7A7C5]
[16]  [0x00000000004014CD]
[17]  [0x000000000040151B]
[18] (BaseThreadInitThunk+0x14) [0x00007FFEED337034]
[19] (RtlUserThreadStart+0x21) [0x00007FFEEDC42651]
Done
