Unable to capture context for thread 15676 in process 13484, can not generate back trace
Exception at PC 0x00007FFACFADBB93
Printing stacktrace...

[0]  [0x00007FFACFADBB93]
[1]  [0x00007FFACFADBB93]
[2]  [0x00007FFACFADB4A1]
[3]  [0x00007FFACFADB3EF]
[4]  [0x00007FFACFAC19FE]
[5]  [0x00007FFACFAC0ED1]
[6]  [0x00007FFACFAC0D76]
[7]  [0x00007FFACFA679F6]
[8]  [0x00007FFACFA57AFB]
[9]  [0x00007FFACFB7E90A]
[10]  [0x00007FFACFB99F87]
[11]  [0x00007FFACFB9A05F]
[12] (BaseThreadInitThunk+0x14) [0x00007FFB4C7C7034]
[13] (RtlUserThreadStart+0x21) [0x00007FFB4D302651]
Done
Exception at PC 0x00007FFACF7E1A52
Attemped to write at address 0x00007FFAD182ABA4
Printing stacktrace...

[0]  [0x00007FFACF7E1A52]
[1]  [0x00007FFACF7E1A52]
[2]  [0x00007FFACF7E1AD4]
[3]  [0x00007FFACF923FF7]
[4]  [0x00007FFACF809128]
[5]  [0x00007FFACFABDFB9]
[6]  [0x00007FFACFC8EF23]
[7]  [0x00007FFACFB9B06B]
[8]  [0x00007FFACFB908AF]
[9]  [0x00007FFACFB90A32]
[10] (RtlActivateActivationContextUnsafeFast+0x11d) [0x00007FFB4D2C9A1D]
[11] (LdrShutdownProcess+0x141) [0x00007FFB4D30DB91]
[12] (RtlExitUserProcess+0xad) [0x00007FFB4D30DA2D]
[13] (FatalExit+0xb) [0x00007FFB4C7CE0AB]
[14] (exit+0x85) [0x00007FFB4C30A155]
[15] (initterm_e+0x245) [0x00007FFB4C30A7C5]
[16]  [0x00000000004014CD]
[17]  [0x000000000040151B]
[18] (BaseThreadInitThunk+0x14) [0x00007FFB4C7C7034]
[19] (RtlUserThreadStart+0x21) [0x00007FFB4D302651]
Done
