Unable to capture context for thread 19368 in process 2028, can not generate back trace
Exception at PC 0x00007FFAC1B7BB93
Printing stacktrace...

[0]  [0x00007FFAC1B7BB93]
[1]  [0x00007FFAC1B7BB93]
[2]  [0x00007FFAC1B7B4A1]
[3]  [0x00007FFAC1B7B3EF]
[4]  [0x00007FFAC1B619FE]
[5]  [0x00007FFAC1B60ED1]
[6]  [0x00007FFAC1B60D76]
[7]  [0x00007FFAC1B079F6]
[8]  [0x00007FFAC1AF7AFB]
[9]  [0x00007FFAC1C1E90A]
[10]  [0x00007FFAC1C39F87]
[11]  [0x00007FFAC1C3A05F]
[12] (BaseThreadInitThunk+0x14) [0x00007FFB4C7C7034]
[13] (RtlUserThreadStart+0x21) [0x00007FFB4D302651]
Done
Exception at PC 0x00007FFAC1881A52
Attemped to write at address 0x00007FFAD182ABA4
Printing stacktrace...

[0]  [0x00007FFAC1881A52]
[1]  [0x00007FFAC1881A52]
[2]  [0x00007FFAC1881AD4]
[3]  [0x00007FFAC19C3FF7]
[4]  [0x00007FFAC18A9128]
[5]  [0x00007FFAC1B5DFB9]
[6]  [0x00007FFAC1D2EF23]
[7]  [0x00007FFAC1C3B06B]
[8]  [0x00007FFAC1C308AF]
[9]  [0x00007FFAC1C30A32]
[10] (RtlActivateActivationContextUnsafeFast+0x11d) [0x00007FFB4D2C9A1D]
[11] (LdrShutdownProcess+0x141) [0x00007FFB4D30DB91]
[12] (RtlExitUserProcess+0xad) [0x00007FFB4D30DA2D]
[13] (FatalExit+0xb) [0x00007FFB4C7CE0AB]
[14] (exit+0x85) [0x00007FFB4C30A155]
[15] (initterm_e+0x245) [0x00007FFB4C30A7C5]
[16]  [0x00000000004014CD]
[17]  [0x000000000040151B]
[18] (BaseThreadInitThunk+0x14) [0x00007FFB4C7C7034]
[19] (RtlUserThreadStart+0x21) [0x00007FFB4D302651]
Done
