Unable to capture context for thread 18800 in process 19668, can not generate back trace
Exception at PC 0x00007FFAC369BB93
Printing stacktrace...

[0]  [0x00007FFAC369BB93]
[1]  [0x00007FFAC369BB93]
[2]  [0x00007FFAC369B4A1]
[3]  [0x00007FFAC369B3EF]
[4]  [0x00007FFAC36819FE]
[5]  [0x00007FFAC3680ED1]
[6]  [0x00007FFAC3680D76]
[7]  [0x00007FFAC36279F6]
[8]  [0x00007FFAC3617AFB]
[9]  [0x00007FFAC373E90A]
[10]  [0x00007FFAC3759F87]
[11]  [0x00007FFAC375A05F]
[12] (BaseThreadInitThunk+0x14) [0x00007FFB4C7C7034]
[13] (RtlUserThreadStart+0x21) [0x00007FFB4D302651]
Done
Exception at PC 0x00007FFAC33A1A52
Attemped to write at address 0x00007FFAD182ABA4
Printing stacktrace...

[0]  [0x00007FFAC33A1A52]
[1]  [0x00007FFAC33A1A52]
[2]  [0x00007FFAC33A1AD4]
[3]  [0x00007FFAC34E3FF7]
[4]  [0x00007FFAC33C9128]
[5]  [0x00007FFAC367DFB9]
[6]  [0x00007FFAC384EF23]
[7]  [0x00007FFAC375B06B]
[8]  [0x00007FFAC37508AF]
[9]  [0x00007FFAC3750A32]
[10] (RtlActivateActivationContextUnsafeFast+0x11d) [0x00007FFB4D2C9A1D]
[11] (LdrShutdownProcess+0x141) [0x00007FFB4D30DB91]
[12] (RtlExitUserProcess+0xad) [0x00007FFB4D30DA2D]
[13] (FatalExit+0xb) [0x00007FFB4C7CE0AB]
[14] (exit+0x85) [0x00007FFB4C30A155]
[15] (initterm_e+0x245) [0x00007FFB4C30A7C5]
[16]  [0x00000000004014CD]
[17]  [0x000000000040151B]
[18] (BaseThreadInitThunk+0x14) [0x00007FFB4C7C7034]
[19] (RtlUserThreadStart+0x21) [0x00007FFB4D302651]
Done
