Unable to capture context for thread 10192 in process 8076, can not generate back trace
Unable to capture context for thread 17996 in process 8076, can not generate back trace
Exception at PC 0x00007FFE4092BB93
Printing stacktrace...

[0]  [0x00007FFE4092BB93]
[1]  [0x00007FFE4092BB93]
[2]  [0x00007FFE4092B4A1]
[3]  [0x00007FFE4092B3EF]
[4]  [0x00007FFE409119FE]
[5]  [0x00007FFE40910ED1]
[6]  [0x00007FFE40910D76]
[7]  [0x00007FFE408B79F6]
[8]  [0x00007FFE408A7AFB]
[9]  [0x00007FFE409CE90A]
[10]  [0x00007FFE409E9F87]
[11]  [0x00007FFE409EA05F]
[12] (BaseThreadInitThunk+0x14) [0x00007FFEED337034]
[13] (RtlUserThreadStart+0x21) [0x00007FFEEDC42651]
Done
Exception at PC 0x00007FFE40631A52
Attemped to write at address 0x00007FFE7B98ABA4
Printing stacktrace...

[0]  [0x00007FFE40631A52]
[1]  [0x00007FFE40631A52]
[2]  [0x00007FFE40631AD4]
[3]  [0x00007FFE40773FF7]
[4]  [0x00007FFE40659128]
[5]  [0x00007FFE4090DFB9]
[6]  [0x00007FFE40ADEF23]
[7]  [0x00007FFE409EB06B]
[8]  [0x00007FFE409E08AF]
[9]  [0x00007FFE409E0A32]
[10] (RtlActivateActivationContextUnsafeFast+0x11d) [0x00007FFEEDC09A1D]
[11] (LdrShutdownProcess+0x141) [0x00007FFEEDC4DB91]
[12] (RtlExitUserProcess+0xad) [0x00007FFEEDC4DA2D]
[13] (FatalExit+0xb) [0x00007FFEED33E0AB]
[14] (exit+0x85) [0x00007FFEEBE7A155]
[15] (initterm_e+0x245) [0x00007FFEEBE7A7C5]
[16]  [0x00000000004014CD]
[17]  [0x000000000040151B]
[18] (BaseThreadInitThunk+0x14) [0x00007FFEED337034]
[19] (RtlUserThreadStart+0x21) [0x00007FFEEDC42651]
Done
