Unable to capture context for thread 19048 in process 10160, can not generate back trace
Exception at PC 0x00007FFE4105BB93
Printing stacktrace...

[0]  [0x00007FFE4105BB93]
[1]  [0x00007FFE4105BB93]
[2]  [0x00007FFE4105B4A1]
[3]  [0x00007FFE4105B3EF]
[4]  [0x00007FFE410419FE]
[5]  [0x00007FFE41040ED1]
[6]  [0x00007FFE41040D76]
[7]  [0x00007FFE40FE79F6]
[8]  [0x00007FFE40FD7AFB]
[9]  [0x00007FFE410FE90A]
[10]  [0x00007FFE41119F87]
[11]  [0x00007FFE4111A05F]
[12] (BaseThreadInitThunk+0x14) [0x00007FFEED337034]
[13] (RtlUserThreadStart+0x21) [0x00007FFEEDC42651]
Done
Exception at PC 0x00007FFE40D61A52
Attemped to write at address 0x00007FFE982AABA4
Printing stacktrace...

[0]  [0x00007FFE40D61A52]
[1]  [0x00007FFE40D61A52]
[2]  [0x00007FFE40D61AD4]
[3]  [0x00007FFE40EA3FF7]
[4]  [0x00007FFE40D89128]
[5]  [0x00007FFE4103DFB9]
[6]  [0x00007FFE4120EF23]
[7]  [0x00007FFE4111B06B]
[8]  [0x00007FFE411108AF]
[9]  [0x00007FFE41110A32]
[10] (RtlActivateActivationContextUnsafeFast+0x11d) [0x00007FFEEDC09A1D]
[11] (LdrShutdownProcess+0x141) [0x00007FFEEDC4DB91]
[12] (RtlExitUserProcess+0xad) [0x00007FFEEDC4DA2D]
[13] (FatalExit+0xb) [0x00007FFEED33E0AB]
[14] (exit+0x85) [0x00007FFEEBE7A155]
[15] (initterm_e+0x245) [0x00007FFEEBE7A7C5]
[16]  [0x00000000004014CD]
[17]  [0x000000000040151B]
[18] (BaseThreadInitThunk+0x14) [0x00007FFEED337034]
[19] (RtlUserThreadStart+0x21) [0x00007FFEEDC42651]
Done
